1657460784014	geckodriver	INFO	Listening on 127.0.0.1:58703
1657460784447	mozrunner::runner	INFO	Running command: "/snap/firefox/current/firefox.launcher" "--marionette" "--remote-debugging-port" "39253" "--remote-allow-hosts" "localhost" "-no-remote" "-profile" "/tmp/rust_mozprofilex9Q21A"
Gtk-Message: 19:16:24.499: Failed to load module "canberra-gtk-module"
Gtk-Message: 19:16:24.500: Failed to load module "canberra-gtk-module"
ATTENTION: default value of option mesa_glthread overridden by environment.
ATTENTION: default value of option mesa_glthread overridden by environment.
1657460784909	Marionette	INFO	Marionette enabled
1657460784912	Marionette	INFO	Listening on port 35243
WebDriver BiDi listening on ws://localhost:39253
Read port: 35243
ATTENTION: default value of option mesa_glthread overridden by environment.
1657460785025	RemoteAgent	WARN	TLS certificate errors will be ignored for this session
console.warn: SearchSettings: "get: No settings file exists, new profile?" (new NotFoundError("Could not open the file at /tmp/rust_mozprofilex9Q21A/search.json.mozlz4", (void 0)))
Missing chrome or resource URL: resource://gre/modules/UpdateListener.jsm
Missing chrome or resource URL: resource://gre/modules/UpdateListener.sys.mjs
DevTools listening on ws://localhost:39253/devtools/browser/b3dcbfe9-430a-40fd-8538-4d77e3f5db16
[2022-07-10T13:46:34Z ERROR mp4parse] Found 2 nul bytes in "\u{0}\u{0}"
[2022-07-10T13:46:34Z ERROR mp4parse] Found 2 nul bytes in "\u{0}\u{0}"
[2022-07-10T13:46:34Z ERROR mp4parse] Found 2 nul bytes in "\u{0}\u{0}"
[2022-07-10T13:46:34Z ERROR mp4parse] Found 2 nul bytes in "\u{0}\u{0}"
1657460794739	Marionette	WARN	Ignoring event 'pageshow' because document has an invalid readyState of 'uninitialized'.
Missing chrome or resource URL: resource://gre/modules/UpdateListener.jsm
Missing chrome or resource URL: resource://gre/modules/UpdateListener.sys.mjs
console.error: "Error during quit-application-granted: [Exception... \"File error: Not found\"  nsresult: \"0x80520012 (NS_ERROR_FILE_NOT_FOUND)\"  location: \"JS frame :: resource:///modules/BrowserGlue.jsm :: _onQuitApplicationGranted/tasks< :: line 1996\"  data: no]"
1657460841700	Marionette	INFO	Stopped listening on port 35243
console.warn: TopSitesFeed: Failed to fetch data from Contile server: NetworkError when attempting to fetch resource.
Sandbox: Unexpected EOF, op 0 flags 00 path /proc/cpuinfo
1657460880626	geckodriver	INFO	Listening on 127.0.0.1:33183
1657460881106	mozrunner::runner	INFO	Running command: "/snap/firefox/current/firefox.launcher" "--marionette" "--remote-debugging-port" "32775" "--remote-allow-hosts" "localhost" "-no-remote" "-profile" "/tmp/rust_mozprofileZOqRPq"
Gtk-Message: 19:18:01.156: Failed to load module "canberra-gtk-module"
Gtk-Message: 19:18:01.157: Failed to load module "canberra-gtk-module"
ATTENTION: default value of option mesa_glthread overridden by environment.
ATTENTION: default value of option mesa_glthread overridden by environment.
1657460881541	Marionette	INFO	Marionette enabled
1657460881544	Marionette	INFO	Listening on port 33269
WebDriver BiDi listening on ws://localhost:32775
ATTENTION: default value of option mesa_glthread overridden by environment.
Read port: 33269
1657460881660	RemoteAgent	WARN	TLS certificate errors will be ignored for this session
console.warn: SearchSettings: "get: No settings file exists, new profile?" (new NotFoundError("Could not open the file at /tmp/rust_mozprofileZOqRPq/search.json.mozlz4", (void 0)))
Missing chrome or resource URL: resource://gre/modules/UpdateListener.jsm
Missing chrome or resource URL: resource://gre/modules/UpdateListener.sys.mjs
DevTools listening on ws://localhost:32775/devtools/browser/f0b04009-5f90-48ed-b90c-a5de29a74844
1657460914044	Marionette	WARN	Ignoring event 'pageshow' because document has an invalid readyState of 'uninitialized'.
[2022-07-10T13:48:34Z ERROR mp4parse] Found 2 nul bytes in "\u{0}\u{0}"
[2022-07-10T13:48:34Z ERROR mp4parse] Found 2 nul bytes in "\u{0}\u{0}"
[2022-07-10T13:48:34Z ERROR mp4parse] Found 2 nul bytes in "\u{0}\u{0}"
[2022-07-10T13:48:34Z ERROR mp4parse] Found 2 nul bytes in "\u{0}\u{0}"
Missing chrome or resource URL: resource://gre/modules/UpdateListener.jsm
Missing chrome or resource URL: resource://gre/modules/UpdateListener.sys.mjs
console.error: "Error during quit-application-granted: [Exception... \"File error: Not found\"  nsresult: \"0x80520012 (NS_ERROR_FILE_NOT_FOUND)\"  location: \"JS frame :: resource:///modules/BrowserGlue.jsm :: _onQuitApplicationGranted/tasks< :: line 1996\"  data: no]"
1657460977013	Marionette	INFO	Stopped listening on port 33269
console.warn: TopSitesFeed: Failed to fetch data from Contile server: NetworkError when attempting to fetch resource.
1657461034626	geckodriver	INFO	Listening on 127.0.0.1:38381
1657461035078	mozrunner::runner	INFO	Running command: "/snap/firefox/current/firefox.launcher" "--marionette" "--remote-debugging-port" "42877" "--remote-allow-hosts" "localhost" "-no-remote" "-profile" "/tmp/rust_mozprofileMUfrIS"
Gtk-Message: 19:20:35.131: Failed to load module "canberra-gtk-module"
Gtk-Message: 19:20:35.132: Failed to load module "canberra-gtk-module"
ATTENTION: default value of option mesa_glthread overridden by environment.
ATTENTION: default value of option mesa_glthread overridden by environment.
1657461035522	Marionette	INFO	Marionette enabled
1657461035525	Marionette	INFO	Listening on port 45923
WebDriver BiDi listening on ws://localhost:42877
ATTENTION: default value of option mesa_glthread overridden by environment.
Read port: 45923
1657461035632	RemoteAgent	WARN	TLS certificate errors will be ignored for this session
console.warn: SearchSettings: "get: No settings file exists, new profile?" (new NotFoundError("Could not open the file at /tmp/rust_mozprofileMUfrIS/search.json.mozlz4", (void 0)))
Missing chrome or resource URL: resource://gre/modules/UpdateListener.jsm
Missing chrome or resource URL: resource://gre/modules/UpdateListener.sys.mjs
DevTools listening on ws://localhost:42877/devtools/browser/1e61a770-c859-4f24-9fd9-169ce72df5b3
1657461064179	Marionette	WARN	Ignoring event 'pageshow' because document has an invalid readyState of 'uninitialized'.
[2022-07-10T13:51:04Z ERROR mp4parse] Found 2 nul bytes in "\u{0}\u{0}"
[2022-07-10T13:51:04Z ERROR mp4parse] Found 2 nul bytes in "\u{0}\u{0}"
[2022-07-10T13:51:04Z ERROR mp4parse] Found 2 nul bytes in "\u{0}\u{0}"
[2022-07-10T13:51:07Z ERROR mp4parse] Found 2 nul bytes in "\u{0}\u{0}"
JavaScript warning: https://pagead2.googlesyndication.com/bg/x-7aydTzyDGf5pB5jP33n95ytuiMcqG17W4hZ3yQxPE.js line 2 > eval line 3763 > eval line 1 > eval line 1 > eval, line 1: WEBGL_debug_renderer_info is deprecated in Firefox and will be removed. Please use RENDERER.
Missing chrome or resource URL: resource://gre/modules/UpdateListener.jsm
Missing chrome or resource URL: resource://gre/modules/UpdateListener.sys.mjs
console.error: "Error during quit-application-granted: [Exception... \"File error: Not found\"  nsresult: \"0x80520012 (NS_ERROR_FILE_NOT_FOUND)\"  location: \"JS frame :: resource:///modules/BrowserGlue.jsm :: _onQuitApplicationGranted/tasks< :: line 1996\"  data: no]"
1657461193132	Marionette	INFO	Stopped listening on port 45923
console.warn: TopSitesFeed: Failed to fetch data from Contile server: NetworkError when attempting to fetch resource.
Sandbox: Unexpected EOF, op 0 flags 00 path /proc/cpuinfo
